<?xml version="1.0" encoding="UTF-8"?>
<!-- Generated by org.testng.reporters.JUnitXMLReporter -->
<testsuite hostname="DESKTOP-R6ICANP" ignored="0" name="Chrome Browser Test" tests="1" failures="0" timestamp="12 Mar 2022 04:08:14 GMT" time="2.884" errors="0">
  <testcase name="@BeforeMethod setUp" time="2.862" classname="com.baseclass.Base_Instagram">
    <failure type="org.openqa.selenium.SessionNotCreatedException" message="session not created: This version of ChromeDriver only supports Chrome version 96
Current browser version is 99.0.4844.51 with binary path C:\Program Files\Google\Chrome\Application\chrome.exe
Build info: version: &amp;apos;3.141.59&amp;apos;, revision: &amp;apos;e82be7d358&amp;apos;, time: &amp;apos;2018-11-14T08:17:03&amp;apos;
System info: host: &amp;apos;DESKTOP-R6ICANP&amp;apos;, ip: &amp;apos;192.168.1.183&amp;apos;, os.name: &amp;apos;Windows 10&amp;apos;, os.arch: &amp;apos;amd64&amp;apos;, os.version: &amp;apos;10.0&amp;apos;, java.version: &amp;apos;1.8.0_321&amp;apos;
Driver info: driver.version: ChromeDriver
remote stacktrace: Backtrace:
	Ordinal0 [0x00FB6903+2517251]
	Ordinal0 [0x00F4F8E1+2095329]
	Ordinal0 [0x00E52848+1058888]
	Ordinal0 [0x00E70B9D+1182621]
	Ordinal0 [0x00E6CA60+1165920]
	Ordinal0 [0x00E6A2CF+1155791]
	Ordinal0 [0x00E9AAAF+1354415]
	Ordinal0 [0x00E9A71A+1353498]
	Ordinal0 [0x00E9639B+1336219]
	Ordinal0 [0x00E727A7+1189799]
	Ordinal0 [0x00E73609+1193481]
	GetHandleVerifier [0x01145904+1577972]
	GetHandleVerifier [0x011F0B97+2279047]
	GetHandleVerifier [0x01046D09+534521]
	GetHandleVerifier [0x01045DB9+530601]
	Ordinal0 [0x00F54FF9+2117625]
	Ordinal0 [0x00F598A8+2136232]
	Ordinal0 [0x00F599E2+2136546]
	Ordinal0 [0x00F63541+2176321]
	BaseThreadInitThunk [0x7776FA29+25]
	RtlGetAppContainerNamedObjectPath [0x778B7A9E+286]
	RtlGetAppContainerNamedObjectPath [0x778B7A6E+238]
">
      <![CDATA[org.openqa.selenium.SessionNotCreatedException: session not created: This version of ChromeDriver only supports Chrome version 96
Current browser version is 99.0.4844.51 with binary path C:\Program Files\Google\Chrome\Application\chrome.exe
Build info: version: '3.141.59', revision: 'e82be7d358', time: '2018-11-14T08:17:03'
System info: host: 'DESKTOP-R6ICANP', ip: '192.168.1.183', os.name: 'Windows 10', os.arch: 'amd64', os.version: '10.0', java.version: '1.8.0_321'
Driver info: driver.version: ChromeDriver
remote stacktrace: Backtrace:
Ordinal0 [0x00FB6903+2517251]
Ordinal0 [0x00F4F8E1+2095329]
Ordinal0 [0x00E52848+1058888]
Ordinal0 [0x00E70B9D+1182621]
Ordinal0 [0x00E6CA60+1165920]
Ordinal0 [0x00E6A2CF+1155791]
Ordinal0 [0x00E9AAAF+1354415]
Ordinal0 [0x00E9A71A+1353498]
Ordinal0 [0x00E9639B+1336219]
Ordinal0 [0x00E727A7+1189799]
Ordinal0 [0x00E73609+1193481]
GetHandleVerifier [0x01145904+1577972]
GetHandleVerifier [0x011F0B97+2279047]
GetHandleVerifier [0x01046D09+534521]
GetHandleVerifier [0x01045DB9+530601]
Ordinal0 [0x00F54FF9+2117625]
Ordinal0 [0x00F598A8+2136232]
Ordinal0 [0x00F599E2+2136546]
Ordinal0 [0x00F63541+2176321]
BaseThreadInitThunk [0x7776FA29+25]
RtlGetAppContainerNamedObjectPath [0x778B7A9E+286]
RtlGetAppContainerNamedObjectPath [0x778B7A6E+238]

at org.openqa.selenium.remote.W3CHandshakeResponse.lambda$errorHandler$0(W3CHandshakeResponse.java:62)
at org.openqa.selenium.remote.HandshakeResponse.lambda$getResponseFunction$0(HandshakeResponse.java:30)
at org.openqa.selenium.remote.ProtocolHandshake.lambda$createSession$0(ProtocolHandshake.java:126)
at java.util.stream.ReferencePipeline$3$1.accept(Unknown Source)
at java.util.Spliterators$ArraySpliterator.tryAdvance(Unknown Source)
at java.util.stream.ReferencePipeline.forEachWithCancel(Unknown Source)
at java.util.stream.AbstractPipeline.copyIntoWithCancel(Unknown Source)
at java.util.stream.AbstractPipeline.copyInto(Unknown Source)
at java.util.stream.AbstractPipeline.wrapAndCopyInto(Unknown Source)
at java.util.stream.FindOps$FindOp.evaluateSequential(Unknown Source)
at java.util.stream.AbstractPipeline.evaluate(Unknown Source)
at java.util.stream.ReferencePipeline.findFirst(Unknown Source)
at org.openqa.selenium.remote.ProtocolHandshake.createSession(ProtocolHandshake.java:128)
at org.openqa.selenium.remote.ProtocolHandshake.createSession(ProtocolHandshake.java:74)
at org.openqa.selenium.remote.HttpCommandExecutor.execute(HttpCommandExecutor.java:136)
at org.openqa.selenium.remote.service.DriverCommandExecutor.execute(DriverCommandExecutor.java:83)
at org.openqa.selenium.remote.RemoteWebDriver.execute(RemoteWebDriver.java:552)
at org.openqa.selenium.remote.RemoteWebDriver.startSession(RemoteWebDriver.java:213)
at org.openqa.selenium.remote.RemoteWebDriver.<init>(RemoteWebDriver.java:131)
at org.openqa.selenium.chrome.ChromeDriver.<init>(ChromeDriver.java:181)
at org.openqa.selenium.chrome.ChromeDriver.<init>(ChromeDriver.java:168)
at org.openqa.selenium.chrome.ChromeDriver.<init>(ChromeDriver.java:123)
at com.baseclass.Base_Instagram.setUp(Base_Instagram.java:23)
... Removed 32 stack frames]]>
    </failure>
  </testcase> <!-- @BeforeMethod setUp -->
  <testcase name="OpenApplication" time="0.0" classname="com.baseclass.Base_Instagram">
    <skipped/>
  </testcase> <!-- OpenApplication -->
</testsuite> <!-- Chrome Browser Test -->
